TN:
SF:/Users/vitorpedroviana/project/wallid/dev/web3/web3bazaar/mainnet-contracts/contracts/BazaarERC1155Collection.sol
FN:14,constructor
FN:22,mint
FNF:2
FNH:2
FNDA:3,constructor
FNDA:11,mint
DA:16,3
DA:17,3
DA:18,3
DA:19,3
DA:23,11
DA:28,11
DA:29,11
LF:7
LH:7
BRDA:23,1,0,11
BRDA:23,1,1,0
BRF:2
BRH:1
end_of_record
TN:
SF:/Users/vitorpedroviana/project/wallid/dev/web3/web3bazaar/mainnet-contracts/contracts/BazaarRaffleTicket.sol
FN:39,constructor
FN:59,mint
FN:146,approveERC721
FN:157,setPriceByType
FN:176,transferERC721
FN:181,setTokenAddress
FN:188,setWeb3BazaarContract
FN:193,setBaseURI
FN:199,setContractURI
FN:206,baseURI
FN:210,contractURI
FN:217,getId
FN:226,approveERC20
FN:231,burnOwn
FN:238,transferERC20
FN:249,_baseURI
FNF:16
FNH:1
FNDA:3,constructor
FNDA:0,mint
FNDA:0,approveERC721
FNDA:0,setPriceByType
FNDA:0,transferERC721
FNDA:0,setTokenAddress
FNDA:0,setWeb3BazaarContract
FNDA:0,setBaseURI
FNDA:0,setContractURI
FNDA:0,baseURI
FNDA:0,contractURI
FNDA:0,getId
FNDA:0,approveERC20
FNDA:0,burnOwn
FNDA:0,transferERC20
FNDA:0,_baseURI
DA:41,3
DA:42,3
DA:43,3
DA:46,3
DA:47,3
DA:60,0
DA:64,0
DA:69,0
DA:70,0
DA:72,0
DA:73,0
DA:75,0
DA:77,0
DA:79,0
DA:84,0
DA:86,0
DA:87,0
DA:88,0
DA:89,0
DA:93,0
DA:99,0
DA:100,0
DA:101,0
DA:103,0
DA:104,0
DA:105,0
DA:106,0
DA:110,0
DA:111,0
DA:113,0
DA:114,0
DA:116,0
DA:117,0
DA:119,0
DA:120,0
DA:122,0
DA:134,0
DA:147,0
DA:160,0
DA:161,0
DA:163,0
DA:165,0
DA:167,0
DA:177,0
DA:182,0
DA:189,0
DA:194,0
DA:202,0
DA:203,0
DA:207,0
DA:211,0
DA:218,0
DA:227,0
DA:232,0
DA:240,0
DA:250,0
LF:56
LH:5
BRDA:60,1,0,0
BRDA:60,1,1,0
BRDA:64,2,0,0
BRDA:64,2,1,0
BRDA:72,3,0,0
BRDA:72,3,1,0
BRDA:74,4,0,0
BRDA:74,4,1,0
BRDA:76,5,0,0
BRDA:76,5,1,0
BRDA:79,6,0,0
BRDA:79,6,1,0
BRDA:93,7,0,0
BRDA:93,7,1,0
BRDA:160,8,0,0
BRDA:160,8,1,0
BRDA:162,9,0,0
BRDA:162,9,1,0
BRDA:164,10,0,0
BRDA:164,10,1,0
BRF:20
BRH:0
end_of_record
TN:
SF:/Users/vitorpedroviana/project/wallid/dev/web3/web3bazaar/mainnet-contracts/contracts/Bazcoin.sol
FN:16,constructor
FN:20,_mintCapped
FN:31,constructor
FN:36,mint
FNF:4
FNH:4
FNDA:3,constructor
FNDA:5,_mintCapped
FNDA:3,constructor
FNDA:2,mint
DA:21,5
DA:22,5
DA:33,3
DA:38,2
DA:39,2
LF:5
LH:5
BRDA:21,1,0,5
BRDA:21,1,1,0
BRF:2
BRH:1
end_of_record
TN:
SF:/Users/vitorpedroviana/project/wallid/dev/web3/web3bazaar/mainnet-contracts/contracts/TestCollection.sol
FN:12,constructor
FN:23,mint
FNF:2
FNH:2
FNDA:3,constructor
FNDA:12,mint
DA:13,3
DA:16,3
DA:17,3
DA:24,12
DA:25,12
LF:5
LH:5
BRF:0
BRH:0
end_of_record
TN:
SF:/Users/vitorpedroviana/project/wallid/dev/web3/web3bazaar/mainnet-contracts/contracts/Web3BazaarEscrow.sol
FN:17,isOwner
FN:22,constructor
FN:26,addOwnership
FN:31,removeOwnership
FN:99,constructor
FN:110,setAssetPerTrade
FN:123,cancelTrade
FN:147,executeTrade
FN:249,startTrade
FN:426,getTrade
FN:444,getTradeWithAddress
FN:489,tradePerUser
FN:508,verifyERC721
FN:534,verifyERC20
FN:560,verifyERC1155
FN:592,swapERC721
FN:611,swapERC1155
FN:636,swapERC20
FN:654,verifyTradeIntegrity
FNF:19
FNH:19
FNDA:9,isOwner
FNDA:6,constructor
FNDA:1,addOwnership
FNDA:3,removeOwnership
FNDA:3,constructor
FNDA:3,setAssetPerTrade
FNDA:3,cancelTrade
FNDA:10,executeTrade
FNDA:27,startTrade
FNDA:5,getTrade
FNDA:4,getTradeWithAddress
FNDA:9,tradePerUser
FNDA:57,verifyERC721
FNDA:13,verifyERC20
FNDA:21,verifyERC1155
FNDA:28,swapERC721
FNDA:15,swapERC1155
FNDA:8,swapERC20
FNDA:48,verifyTradeIntegrity
DA:18,9
DA:19,7
DA:23,6
DA:27,1
DA:28,1
DA:32,3
DA:33,1
DA:100,3
DA:101,3
DA:102,3
DA:111,3
DA:116,1
DA:124,3
DA:125,3
DA:129,3
DA:137,1
DA:138,1
DA:140,1
DA:148,10
DA:149,10
DA:154,10
DA:155,10
DA:156,10
DA:160,8
DA:161,8
DA:166,36
DA:169,36
DA:170,36
DA:171,4
DA:178,20
DA:185,12
DA:194,8
DA:199,15
DA:202,15
DA:203,15
DA:204,4
DA:211,8
DA:218,3
DA:227,2
DA:230,2
DA:231,2
DA:232,2
DA:233,2
DA:260,27
DA:261,27
DA:265,25
DA:269,23
DA:273,21
DA:277,19
DA:283,17
DA:289,15
DA:293,15
DA:298,13
DA:299,13
DA:300,13
DA:301,13
DA:302,13
DA:303,32
DA:309,24
DA:310,4
DA:317,17
DA:324,3
DA:332,24
DA:336,24
DA:340,24
DA:344,24
DA:348,24
DA:352,24
DA:357,5
DA:358,16
DA:364,16
DA:365,1
DA:372,12
DA:379,3
DA:387,16
DA:391,16
DA:395,16
DA:399,16
DA:403,16
DA:407,16
DA:412,5
DA:413,5
DA:414,5
DA:415,5
DA:416,5
DA:417,5
DA:435,5
DA:436,5
DA:454,4
DA:455,4
DA:459,4
DA:462,4
DA:463,4
DA:466,4
DA:468,4
DA:469,15
DA:472,15
DA:473,15
DA:474,15
DA:475,15
DA:477,4
DA:490,9
DA:514,57
DA:518,57
DA:519,45
DA:524,55
DA:540,13
DA:544,11
DA:545,10
DA:550,9
DA:567,21
DA:571,21
DA:576,21
DA:577,18
DA:582,21
DA:598,28
DA:599,26
DA:600,26
DA:618,15
DA:619,15
DA:626,15
DA:642,8
DA:643,4
DA:644,4
DA:660,48
DA:664,46
DA:669,44
DA:670,42
DA:671,40
LF:129
LH:129
BRDA:18,1,0,7
BRDA:18,1,1,2
BRDA:27,2,0,1
BRDA:27,2,1,0
BRDA:32,3,0,1
BRDA:32,3,1,2
BRDA:111,4,0,1
BRDA:111,4,1,2
BRDA:125,5,0,3
BRDA:125,5,1,0
BRDA:129,6,0,1
BRDA:129,6,1,2
BRDA:149,7,0,10
BRDA:149,7,1,0
BRDA:156,8,0,8
BRDA:156,8,1,2
BRDA:170,9,0,4
BRDA:170,9,1,32
BRDA:177,10,0,20
BRDA:177,10,1,12
BRDA:184,11,0,12
BRDA:184,11,1,0
BRDA:203,12,0,4
BRDA:203,12,1,11
BRDA:210,13,0,8
BRDA:210,13,1,3
BRDA:217,14,0,3
BRDA:217,14,1,0
BRDA:261,15,0,25
BRDA:261,15,1,2
BRDA:265,16,0,23
BRDA:265,16,1,2
BRDA:269,17,0,21
BRDA:269,17,1,2
BRDA:273,18,0,19
BRDA:273,18,1,2
BRDA:277,19,0,17
BRDA:277,19,1,2
BRDA:283,20,0,15
BRDA:283,20,1,2
BRDA:289,21,0,15
BRDA:289,21,1,0
BRDA:293,22,0,13
BRDA:293,22,1,2
BRDA:309,23,0,4
BRDA:309,23,1,20
BRDA:316,24,0,17
BRDA:316,24,1,3
BRDA:323,25,0,3
BRDA:323,25,1,0
BRDA:364,26,0,1
BRDA:364,26,1,15
BRDA:371,27,0,12
BRDA:371,27,1,3
BRDA:378,28,0,3
BRDA:378,28,1,0
BRDA:514,29,0,57
BRDA:514,29,1,0
BRDA:518,30,0,45
BRDA:518,30,1,12
BRDA:519,31,0,43
BRDA:519,31,1,2
BRDA:540,32,0,11
BRDA:540,32,1,2
BRDA:544,33,0,10
BRDA:544,33,1,1
BRDA:545,34,0,8
BRDA:545,34,1,2
BRDA:567,35,0,21
BRDA:567,35,1,0
BRDA:571,36,0,21
BRDA:571,36,1,0
BRDA:576,37,0,18
BRDA:576,37,1,3
BRDA:577,38,0,18
BRDA:577,38,1,0
BRDA:660,39,0,46
BRDA:660,39,1,2
BRDA:664,40,0,44
BRDA:664,40,1,2
BRDA:669,41,0,42
BRDA:669,41,1,2
BRDA:670,42,0,40
BRDA:670,42,1,2
BRF:84
BRH:72
end_of_record
